2022-07-12 09:34:44,456 - run.py[line:19] - INFO: LSTM_Alexnet model starts training...
2022-07-12 09:34:44,713 - run.py[line:31] - INFO: Loading data...
2022-07-12 09:34:44,715 - run.py[line:35] - INFO: Time usage:0:00:00
2022-07-12 09:34:46,903 - train_eval.py[line:45] - INFO: Epoch [1/30]
2022-07-12 09:35:11,236 - train_eval.py[line:87] - INFO: Train Loss: 1.10046,  Train Acc: 29.88%,  Train F1: 15.34%,  Val Loss:   1.1,  Val Acc: 29.62%,  Val F1: 15.24%
2022-07-12 09:35:11,236 - train_eval.py[line:88] - INFO: Precision, Recall and F1-Score...
2022-07-12 09:35:11,236 - train_eval.py[line:89] - INFO:               precision    recall  f1-score   support

    negative     0.2963    1.0000    0.4571       237
     neutral     0.0000    0.0000    0.0000        76
    positive     0.0000    0.0000    0.0000       487

    accuracy                         0.2963       800
   macro avg     0.0988    0.3333    0.1524       800
weighted avg     0.0878    0.2963    0.1354       800

2022-07-12 09:35:11,236 - train_eval.py[line:90] - INFO: Confusion Matrix...
2022-07-12 09:35:11,236 - train_eval.py[line:91] - INFO: [[237   0   0]
 [ 76   0   0]
 [487   0   0]]
2022-07-12 09:35:11,776 - train_eval.py[line:45] - INFO: Epoch [2/30]
2022-07-12 09:35:34,790 - train_eval.py[line:87] - INFO: Train Loss: 1.09833,  Train Acc: 29.88%,  Train F1: 15.34%,  Val Loss:   1.1,  Val Acc: 29.62%,  Val F1: 15.24%
2022-07-12 09:35:34,790 - train_eval.py[line:88] - INFO: Precision, Recall and F1-Score...
2022-07-12 09:35:34,790 - train_eval.py[line:89] - INFO:               precision    recall  f1-score   support

    negative     0.2963    1.0000    0.4571       237
     neutral     0.0000    0.0000    0.0000        76
    positive     0.0000    0.0000    0.0000       487

    accuracy                         0.2963       800
   macro avg     0.0988    0.3333    0.1524       800
weighted avg     0.0878    0.2963    0.1354       800

2022-07-12 09:35:34,790 - train_eval.py[line:90] - INFO: Confusion Matrix...
2022-07-12 09:35:34,790 - train_eval.py[line:91] - INFO: [[237   0   0]
 [ 76   0   0]
 [487   0   0]]
2022-07-12 09:35:34,791 - train_eval.py[line:45] - INFO: Epoch [3/30]
2022-07-12 09:35:58,795 - train_eval.py[line:87] - INFO: Train Loss: 1.09431,  Train Acc: 31.34%,  Train F1: 18.48%,  Val Loss:   1.1,  Val Acc: 29.62%,  Val F1: 15.24%
2022-07-12 09:35:58,795 - train_eval.py[line:88] - INFO: Precision, Recall and F1-Score...
2022-07-12 09:35:58,795 - train_eval.py[line:89] - INFO:               precision    recall  f1-score   support

    negative     0.2963    1.0000    0.4571       237
     neutral     0.0000    0.0000    0.0000        76
    positive     0.0000    0.0000    0.0000       487

    accuracy                         0.2963       800
   macro avg     0.0988    0.3333    0.1524       800
weighted avg     0.0878    0.2963    0.1354       800

2022-07-12 09:35:58,795 - train_eval.py[line:90] - INFO: Confusion Matrix...
2022-07-12 09:35:58,795 - train_eval.py[line:91] - INFO: [[237   0   0]
 [ 76   0   0]
 [487   0   0]]
2022-07-12 09:35:58,796 - train_eval.py[line:45] - INFO: Epoch [4/30]
2022-07-12 09:36:23,903 - train_eval.py[line:87] - INFO: Train Loss: 1.08854,  Train Acc: 58.91%,  Train F1: 25.25%,  Val Loss:   1.1,  Val Acc: 60.88%,  Val F1: 25.23%
2022-07-12 09:36:23,903 - train_eval.py[line:88] - INFO: Precision, Recall and F1-Score...
2022-07-12 09:36:23,903 - train_eval.py[line:89] - INFO:               precision    recall  f1-score   support

    negative     0.0000    0.0000    0.0000       237
     neutral     0.0000    0.0000    0.0000        76
    positive     0.6088    1.0000    0.7568       487

    accuracy                         0.6088       800
   macro avg     0.2029    0.3333    0.2523       800
weighted avg     0.3706    0.6088    0.4607       800

2022-07-12 09:36:23,903 - train_eval.py[line:90] - INFO: Confusion Matrix...
2022-07-12 09:36:23,904 - train_eval.py[line:91] - INFO: [[  0   0 237]
 [  0   0  76]
 [  0   0 487]]
2022-07-12 09:36:24,426 - train_eval.py[line:45] - INFO: Epoch [5/30]
2022-07-12 09:36:49,450 - train_eval.py[line:87] - INFO: Train Loss: 1.08159,  Train Acc: 59.41%,  Train F1: 24.84%,  Val Loss:   1.1,  Val Acc: 60.88%,  Val F1: 25.23%
2022-07-12 09:36:49,450 - train_eval.py[line:88] - INFO: Precision, Recall and F1-Score...
2022-07-12 09:36:49,450 - train_eval.py[line:89] - INFO:               precision    recall  f1-score   support

    negative     0.0000    0.0000    0.0000       237
     neutral     0.0000    0.0000    0.0000        76
    positive     0.6088    1.0000    0.7568       487

    accuracy                         0.6088       800
   macro avg     0.2029    0.3333    0.2523       800
weighted avg     0.3706    0.6088    0.4607       800

2022-07-12 09:36:49,450 - train_eval.py[line:90] - INFO: Confusion Matrix...
2022-07-12 09:36:49,450 - train_eval.py[line:91] - INFO: [[  0   0 237]
 [  0   0  76]
 [  0   0 487]]
2022-07-12 09:36:49,451 - train_eval.py[line:45] - INFO: Epoch [6/30]
2022-07-12 09:37:15,604 - train_eval.py[line:87] - INFO: Train Loss: 1.07998,  Train Acc: 59.41%,  Train F1: 24.84%,  Val Loss:   1.1,  Val Acc: 60.88%,  Val F1: 25.23%
2022-07-12 09:37:15,605 - train_eval.py[line:88] - INFO: Precision, Recall and F1-Score...
2022-07-12 09:37:15,605 - train_eval.py[line:89] - INFO:               precision    recall  f1-score   support

    negative     0.0000    0.0000    0.0000       237
     neutral     0.0000    0.0000    0.0000        76
    positive     0.6088    1.0000    0.7568       487

    accuracy                         0.6088       800
   macro avg     0.2029    0.3333    0.2523       800
weighted avg     0.3706    0.6088    0.4607       800

2022-07-12 09:37:15,605 - train_eval.py[line:90] - INFO: Confusion Matrix...
2022-07-12 09:37:15,605 - train_eval.py[line:91] - INFO: [[  0   0 237]
 [  0   0  76]
 [  0   0 487]]
2022-07-12 09:37:15,605 - train_eval.py[line:45] - INFO: Epoch [7/30]
2022-07-12 09:37:40,572 - train_eval.py[line:87] - INFO: Train Loss: 1.07806,  Train Acc: 59.41%,  Train F1: 24.84%,  Val Loss:   1.1,  Val Acc: 60.88%,  Val F1: 25.23%
2022-07-12 09:37:40,572 - train_eval.py[line:88] - INFO: Precision, Recall and F1-Score...
2022-07-12 09:37:40,572 - train_eval.py[line:89] - INFO:               precision    recall  f1-score   support

    negative     0.0000    0.0000    0.0000       237
     neutral     0.0000    0.0000    0.0000        76
    positive     0.6088    1.0000    0.7568       487

    accuracy                         0.6088       800
   macro avg     0.2029    0.3333    0.2523       800
weighted avg     0.3706    0.6088    0.4607       800

2022-07-12 09:37:40,572 - train_eval.py[line:90] - INFO: Confusion Matrix...
2022-07-12 09:37:40,572 - train_eval.py[line:91] - INFO: [[  0   0 237]
 [  0   0  76]
 [  0   0 487]]
2022-07-12 09:37:40,572 - train_eval.py[line:45] - INFO: Epoch [8/30]
2022-07-12 09:38:05,156 - train_eval.py[line:87] - INFO: Train Loss: 1.07595,  Train Acc: 59.41%,  Train F1: 24.84%,  Val Loss:   1.1,  Val Acc: 60.88%,  Val F1: 25.23%
2022-07-12 09:38:05,156 - train_eval.py[line:88] - INFO: Precision, Recall and F1-Score...
2022-07-12 09:38:05,156 - train_eval.py[line:89] - INFO:               precision    recall  f1-score   support

    negative     0.0000    0.0000    0.0000       237
     neutral     0.0000    0.0000    0.0000        76
    positive     0.6088    1.0000    0.7568       487

    accuracy                         0.6088       800
   macro avg     0.2029    0.3333    0.2523       800
weighted avg     0.3706    0.6088    0.4607       800

2022-07-12 09:38:05,156 - train_eval.py[line:90] - INFO: Confusion Matrix...
2022-07-12 09:38:05,156 - train_eval.py[line:91] - INFO: [[  0   0 237]
 [  0   0  76]
 [  0   0 487]]
2022-07-12 09:38:05,157 - train_eval.py[line:45] - INFO: Epoch [9/30]
2022-07-12 09:38:30,258 - train_eval.py[line:87] - INFO: Train Loss: 1.0738,  Train Acc: 59.41%,  Train F1: 24.84%,  Val Loss:   1.1,  Val Acc: 60.88%,  Val F1: 25.23%
2022-07-12 09:38:30,258 - train_eval.py[line:88] - INFO: Precision, Recall and F1-Score...
2022-07-12 09:38:30,258 - train_eval.py[line:89] - INFO:               precision    recall  f1-score   support

    negative     0.0000    0.0000    0.0000       237
     neutral     0.0000    0.0000    0.0000        76
    positive     0.6088    1.0000    0.7568       487

    accuracy                         0.6088       800
   macro avg     0.2029    0.3333    0.2523       800
weighted avg     0.3706    0.6088    0.4607       800

2022-07-12 09:38:30,258 - train_eval.py[line:90] - INFO: Confusion Matrix...
2022-07-12 09:38:30,258 - train_eval.py[line:91] - INFO: [[  0   0 237]
 [  0   0  76]
 [  0   0 487]]
2022-07-12 09:38:30,258 - train_eval.py[line:45] - INFO: Epoch [10/30]
2022-07-12 09:38:55,126 - train_eval.py[line:87] - INFO: Train Loss: 1.07136,  Train Acc: 59.41%,  Train F1: 24.84%,  Val Loss:   1.1,  Val Acc: 60.88%,  Val F1: 25.23%
2022-07-12 09:38:55,127 - train_eval.py[line:88] - INFO: Precision, Recall and F1-Score...
2022-07-12 09:38:55,127 - train_eval.py[line:89] - INFO:               precision    recall  f1-score   support

    negative     0.0000    0.0000    0.0000       237
     neutral     0.0000    0.0000    0.0000        76
    positive     0.6088    1.0000    0.7568       487

    accuracy                         0.6088       800
   macro avg     0.2029    0.3333    0.2523       800
weighted avg     0.3706    0.6088    0.4607       800

2022-07-12 09:38:55,127 - train_eval.py[line:90] - INFO: Confusion Matrix...
2022-07-12 09:38:55,127 - train_eval.py[line:91] - INFO: [[  0   0 237]
 [  0   0  76]
 [  0   0 487]]
2022-07-12 09:38:55,127 - train_eval.py[line:45] - INFO: Epoch [11/30]
2022-07-12 09:39:19,909 - train_eval.py[line:87] - INFO: Train Loss: 1.07097,  Train Acc: 59.41%,  Train F1: 24.84%,  Val Loss:   1.1,  Val Acc: 60.88%,  Val F1: 25.23%
2022-07-12 09:39:19,909 - train_eval.py[line:88] - INFO: Precision, Recall and F1-Score...
2022-07-12 09:39:19,909 - train_eval.py[line:89] - INFO:               precision    recall  f1-score   support

    negative     0.0000    0.0000    0.0000       237
     neutral     0.0000    0.0000    0.0000        76
    positive     0.6088    1.0000    0.7568       487

    accuracy                         0.6088       800
   macro avg     0.2029    0.3333    0.2523       800
weighted avg     0.3706    0.6088    0.4607       800

2022-07-12 09:39:19,909 - train_eval.py[line:90] - INFO: Confusion Matrix...
2022-07-12 09:39:19,909 - train_eval.py[line:91] - INFO: [[  0   0 237]
 [  0   0  76]
 [  0   0 487]]
2022-07-12 09:39:19,910 - train_eval.py[line:99] - INFO: No optimization for a long time, auto-stopping...
2022-07-12 09:39:24,970 - train_eval.py[line:118] - INFO: Test Loss:   1.1,  Test Acc: 60.88%, Test F1:25.23%
2022-07-12 09:39:24,970 - train_eval.py[line:119] - INFO: Precision, Recall and F1-Score...
2022-07-12 09:39:24,970 - train_eval.py[line:120] - INFO:               precision    recall  f1-score   support

    negative     0.0000    0.0000    0.0000       237
     neutral     0.0000    0.0000    0.0000        76
    positive     0.6088    1.0000    0.7568       487

    accuracy                         0.6088       800
   macro avg     0.2029    0.3333    0.2523       800
weighted avg     0.3706    0.6088    0.4607       800

2022-07-12 09:39:24,970 - train_eval.py[line:121] - INFO: Confusion Matrix...
2022-07-12 09:39:24,970 - train_eval.py[line:122] - INFO: [[  0   0 237]
 [  0   0  76]
 [  0   0 487]]
2022-07-12 09:39:24,970 - train_eval.py[line:124] - INFO: Time usage:0:00:05
2022-07-12 09:39:30,326 - run.py[line:42] - INFO: LSTM_Alexnet model training end...
